/*C1*/SET SCHEMA SYSTEM_LOBS
INSERT INTO BLOCKS VALUES(0,2147483647,0)
COMMIT
/*C2*/SET SCHEMA PUBLIC
CREATE SEQUENCE ITEM_SEQ START WITH 210 INCREMENT BY 1
CREATE CACHED TABLE ITEM(\u000a    IDITEM INT GENERATED BY DEFAULT AS SEQUENCE ITEM_SEQ NOT NULL,\u000a    FIRSTNAME VARCHAR(45) DEFAULT NULL,\u000a    LASTNAME VARCHAR(45) DEFAULT NULL\u000a)
ALTER TABLE ITEM ADD CONSTRAINT ITEM_PK PRIMARY KEY(IDITEM)
CREATE SEQUENCE ADDRESS_SEQ START WITH 209 INCREMENT BY 1
\u000aCREATE CACHED TABLE ADDRESS(\u000a    IDADDRESS INT GENERATED BY DEFAULT AS SEQUENCE ITEM_SEQ NOT NULL,\u000a    IDITEM INT DEFAULT NULL,\u000a    LINE1 VARCHAR(45) DEFAULT NULL,\u000a    LINE2 VARCHAR(45) DEFAULT NULL\u000a)
\u000aALTER TABLE ADDRESS ADD CONSTRAINT ADDRESS_PK PRIMARY KEY(IDADDRESS)
\u000aALTER TABLE ADDRESS ADD CONSTRAINT ADDRESS_ITEM_FK FOREIGN KEY(IDITEM) REFERENCES ITEM(IDITEM)
\u000aCREATE SEQUENCE PHONE_SEQ START WITH 319 INCREMENT BY 1
\u000aCREATE CACHED TABLE PHONE(\u000a    IDPHONE INT GENERATED BY DEFAULT AS SEQUENCE ITEM_SEQ NOT NULL,\u000a    IDITEM INT DEFAULT NULL,\u000a    PHONE VARCHAR(45) DEFAULT NULL,\u000a    COMMENT VARCHAR(45) DEFAULT NULL,\u000a    RESTRICTED VARCHAR(45) DEFAULT NULL\u000a)
\u000aALTER TABLE PHONE ADD CONSTRAINT PHONE_PK PRIMARY KEY(IDPHONE)
\u000aALTER TABLE PHONE ADD CONSTRAINT PHONE_ITEM_FK FOREIGN KEY(IDITEM) REFERENCES ITEM(IDITEM)
\u000aCREATE CACHED TABLE USER(\u000a    LOGIN VARCHAR(10) NOT NULL,\u000a    PASSWORD VARCHAR(16) NOT NULL,\u000a    NAME VARCHAR(50) DEFAULT NULL,\u000a    SURNAME VARCHAR(50) DEFAULT NULL\u000a)
\u000aALTER TABLE USER ADD CONSTRAINT USER_PK PRIMARY KEY(LOGIN)
INSERT INTO ITEM VALUES(1,'El\u017cbieta','Achinger')
INSERT INTO ITEM VALUES(2,'Andrzej','Adamczyk')
INSERT INTO ITEM VALUES(3,'Leszek','Aleksandrzak')
INSERT INTO ITEM VALUES(4,'Waldemar','Andzel')
INSERT INTO ITEM VALUES(5,'Jan Krzysztof','Ardanowski')
INSERT INTO ITEM VALUES(6,'Iwona Ewa','Arent')
INSERT INTO ITEM VALUES(7,'Pawe\u0142','Arndt')
INSERT INTO ITEM VALUES(8,'Urszula','Augustyn')
INSERT INTO ITEM VALUES(9,'Zbigniew','Babalski')
INSERT INTO ITEM VALUES(10,'Piotr','Babinetz')
INSERT INTO ITEM VALUES(11,'Maciej','Banaszak')
INSERT INTO ITEM VALUES(12,'Anna','Ba\u0144kowska')
INSERT INTO ITEM VALUES(13,'W\u0142odzimierz','Bernacki')
INSERT INTO ITEM VALUES(14,'Andrzej','B\u0119tkowski')
INSERT INTO ITEM VALUES(15,'Marek','Biernacki')
INSERT INTO ITEM VALUES(16,'Andrzej','Biernat')
INSERT INTO ITEM VALUES(17,'Leszek','Blanik')
INSERT INTO ITEM VALUES(18,'Joanna','Bobowska')
INSERT INTO ITEM VALUES(19,'Edmund','Borawski')
INSERT INTO ITEM VALUES(20,'Jacek','Brzezinka')
INSERT INTO ITEM VALUES(21,'Jerzy','Budnik')
INSERT INTO ITEM VALUES(22,'Bo\u017cenna','Bukiewicz')
INSERT INTO ITEM VALUES(23,'Andrzej','Bu\u0142a')
INSERT INTO ITEM VALUES(24,'Jan','Bury')
INSERT INTO ITEM VALUES(25,'Renata','Butryn')
INSERT INTO ITEM VALUES(26,'Jan','Cedzy\u0144ski')
INSERT INTO ITEM VALUES(27,'Zbigniew','Chmielowiec')
INSERT INTO ITEM VALUES(28,'Janusz','Cicho\u0144')
INSERT INTO ITEM VALUES(29,'Marian','Cyco\u0144')
INSERT INTO ITEM VALUES(30,'Witold','Czarnecki')
INSERT INTO ITEM VALUES(31,'Jacek','Czerniak')
INSERT INTO ITEM VALUES(32,'Zofia','Czernow')
INSERT INTO ITEM VALUES(33,'Andrzej','Czerwi\u0144ski')
INSERT INTO ITEM VALUES(34,'Eugeniusz','Czykwin')
INSERT INTO ITEM VALUES(35,'Andrzej','D\u0105browski')
INSERT INTO ITEM VALUES(36,'Andrzej','Dera')
INSERT INTO ITEM VALUES(37,'Zbigniew','Dolata')
INSERT INTO ITEM VALUES(38,'Ludwik','Dorn')
INSERT INTO ITEM VALUES(39,'Andrzej','Duda')
INSERT INTO ITEM VALUES(40,'Artur','Dunin')
INSERT INTO ITEM VALUES(41,'Zenon','Durka')
INSERT INTO ITEM VALUES(42,'Jan','Dziedziczak')
INSERT INTO ITEM VALUES(43,'Janusz','Dzi\u0119cio\u0142')
INSERT INTO ITEM VALUES(44,'Wincenty','Elsner')
INSERT INTO ITEM VALUES(45,'Joanna','Fabisiak')
INSERT INTO ITEM VALUES(46,'Anna','Fotyga')
INSERT INTO ITEM VALUES(47,'Ryszard','Galla')
INSERT INTO ITEM VALUES(48,'Andrzej','Ga\u0142a\u017cewski')
INSERT INTO ITEM VALUES(49,'Stanis\u0142aw','Gaw\u0142owski')
INSERT INTO ITEM VALUES(50,'Magdalena','G\u0105sior-Marek')
INSERT INTO ITEM VALUES(51,'Zbigniew','Girzy\u0144ski')
INSERT INTO ITEM VALUES(52,'Szymon','Gi\u017cy\u0144ski')
INSERT INTO ITEM VALUES(53,'John Abraham','Godson')
INSERT INTO ITEM VALUES(54,'Jaros\u0142aw','Gowin')
INSERT INTO ITEM VALUES(55,'Anna','Grodzka')
INSERT INTO ITEM VALUES(56,'Eugeniusz Tomasz','Grzeszczak')
INSERT INTO ITEM VALUES(57,'Andrzej','Gut-Mostowy')
INSERT INTO ITEM VALUES(58,'Iwona','Guzowska')
INSERT INTO ITEM VALUES(59,'Andrzej','Halicki')
INSERT INTO ITEM VALUES(60,'Katarzyna','Hall')
INSERT INTO ITEM VALUES(61,'Agnieszka','Hanajczyk')
INSERT INTO ITEM VALUES(62,'Adam','Hofman')
INSERT INTO ITEM VALUES(63,'J\u00f3zefa','Hrynkiewicz')
INSERT INTO ITEM VALUES(64,'Stanis\u0142aw','Huskowski')
INSERT INTO ITEM VALUES(65,'Jaros\u0142aw Tomasz','Jagie\u0142\u0142o')
INSERT INTO ITEM VALUES(66,'Wies\u0142aw Stanis\u0142aw','Janczyk')
INSERT INTO ITEM VALUES(67,'Maria Ma\u0142gorzata','Janyska')
INSERT INTO ITEM VALUES(68,'Andrzej','Jaworski')
INSERT INTO ITEM VALUES(69,'Mariusz Orion','J\u0119drysek')
INSERT INTO ITEM VALUES(70,'Roman','Kaczor')
INSERT INTO ITEM VALUES(71,'Stanis\u0142aw','Kalemba')
INSERT INTO ITEM VALUES(72,'Bo\u017cena','Kami\u0144ska')
INSERT INTO ITEM VALUES(73,'Mariusz Antoni','Kami\u0144ski')
INSERT INTO ITEM VALUES(74,'Andrzej','Kania')
INSERT INTO ITEM VALUES(75,'Jan','Ka\u017amierczak')
INSERT INTO ITEM VALUES(76,'Marcin','Kierwi\u0144ski')
INSERT INTO ITEM VALUES(77,'Joanna','Kluzik-Rostkowska')
INSERT INTO ITEM VALUES(78,'Eugeniusz','K\u0142opotek')
INSERT INTO ITEM VALUES(79,'Krystyna','K\u0142osin')
INSERT INTO ITEM VALUES(80,'Henryk','Kmiecik')
INSERT INTO ITEM VALUES(81,'Magdalena','Kochan')
INSERT INTO ITEM VALUES(82,'Brygida','Kolenda-\u0141abu\u015b')
INSERT INTO ITEM VALUES(83,'Agnieszka','Ko\u0142acz-Leszczy\u0144ska')
INSERT INTO ITEM VALUES(84,'Zbigniew','Konwi\u0144ski')
INSERT INTO ITEM VALUES(85,'Leszek','Korzeniowski')
INSERT INTO ITEM VALUES(86,'Roman Jacek','Kosecki')
INSERT INTO ITEM VALUES(87,'Roman','Kotli\u0144ski')
INSERT INTO ITEM VALUES(88,'Henryk','Kowalczyk')
INSERT INTO ITEM VALUES(89,'Bartosz','Kownacki')
INSERT INTO ITEM VALUES(90,'Agnieszka','Koz\u0142owska-Rajewicz')
INSERT INTO ITEM VALUES(91,'Iwona','Koz\u0142owska')
INSERT INTO ITEM VALUES(92,'Leonard','Krasulski')
INSERT INTO ITEM VALUES(93,'Robert','Kropiwnicki')
INSERT INTO ITEM VALUES(94,'Zbigniew','Ku\u017amiuk')
INSERT INTO ITEM VALUES(95,'Stanis\u0142aw','Lamczyk')
INSERT INTO ITEM VALUES(96,'Tomasz','Lenz')
INSERT INTO ITEM VALUES(97,'Izabela','Leszczyna')
INSERT INTO ITEM VALUES(98,'Andrzej','Lewandowski')
INSERT INTO ITEM VALUES(99,'Zofia','\u0141awrynowicz')
INSERT INTO ITEM VALUES(100,'Jan','\u0141opata')
INSERT INTO ITEM VALUES(101,'Mieczys\u0142aw Marcin','\u0141uczak')
INSERT INTO ITEM VALUES(102,'Krystyna','\u0141ybacka')
INSERT INTO ITEM VALUES(103,'Marzena','Macha\u0142ek')
INSERT INTO ITEM VALUES(104,'Antoni','Macierewicz')
INSERT INTO ITEM VALUES(105,'Ma\u0142gorzata','Marcinkiewicz')
INSERT INTO ITEM VALUES(106,'Jagna','Marczu\u0142ajtis-Walczak')
INSERT INTO ITEM VALUES(107,'Marcin','Mastalerek')
INSERT INTO ITEM VALUES(108,'Jerzy','Materna')
INSERT INTO ITEM VALUES(109,'Katarzyna','Matusik-Lipiec')
INSERT INTO ITEM VALUES(110,'Zbigniew','Matuszczak')
INSERT INTO ITEM VALUES(111,'Antoni','M\u0119\u017cyd\u0142o')
INSERT INTO ITEM VALUES(112,'Rajmund','Miller')
INSERT INTO ITEM VALUES(113,'Konstanty','Miodowicz')
INSERT INTO ITEM VALUES(114,'Izabela Katarzyna','Mrzyg\u0142ocka')
INSERT INTO ITEM VALUES(115,'Joanna','Mucha')
INSERT INTO ITEM VALUES(116,'Killion','Munyama')
INSERT INTO ITEM VALUES(117,'Anna','Nem\u015b')
INSERT INTO ITEM VALUES(118,'S\u0142awomir','Neumann')
INSERT INTO ITEM VALUES(119,'Stefan','Niesio\u0142owski')
INSERT INTO ITEM VALUES(120,'Wanda','Nowicka')
INSERT INTO ITEM VALUES(121,'Marzena','Ok\u0142a-Drewnowicz')
INSERT INTO ITEM VALUES(122,'Janina','Okr\u0105g\u0142y')
INSERT INTO ITEM VALUES(123,'Cezary','Olejniczak')
INSERT INTO ITEM VALUES(124,'Andrzej','Orzechowski')
INSERT INTO ITEM VALUES(125,'Konstanty','O\u015bwi\u0119cimski')
INSERT INTO ITEM VALUES(126,'Krystyna','Ozga')
INSERT INTO ITEM VALUES(127,'Stanis\u0142aw','O\u017c\u00f3g')
INSERT INTO ITEM VALUES(128,'Zbigniew','Pacelt')
INSERT INTO ITEM VALUES(129,'Janusz','Palikot')
INSERT INTO ITEM VALUES(130,'Anna','Paluch')
INSERT INTO ITEM VALUES(131,'Krystyna','Paw\u0142owicz')
INSERT INTO ITEM VALUES(132,'Wojciech','Penkalski')
INSERT INTO ITEM VALUES(133,'Andrzej','Pi\u0105tak')
INSERT INTO ITEM VALUES(134,'Janusz','Piechoci\u0144ski')
INSERT INTO ITEM VALUES(135,'S\u0142awomir Jan','Piechota')
INSERT INTO ITEM VALUES(136,'El\u017cbieta Apolonia','Pierzcha\u0142a')
INSERT INTO ITEM VALUES(137,'Danuta','Pietraszewska')
INSERT INTO ITEM VALUES(138,'Lucjan Marek','Pietrzczyk')
INSERT INTO ITEM VALUES(139,'Stanis\u0142aw','Pi\u0119ta')
INSERT INTO ITEM VALUES(140,'Dariusz','Piontkowski')
INSERT INTO ITEM VALUES(141,'Stanis\u0142aw','Piotrowicz')
INSERT INTO ITEM VALUES(142,'Agnieszka','Pomaska')
INSERT INTO ITEM VALUES(143,'Krystyna','Po\u015blednia')
INSERT INTO ITEM VALUES(144,'Marek','Pozna\u0144ski')
INSERT INTO ITEM VALUES(145,'Stanis\u0142awa','Prz\u0105dka')
INSERT INTO ITEM VALUES(146,'Damian','Raczkowski')
INSERT INTO ITEM VALUES(147,'Grzegorz','Raniewicz')
INSERT INTO ITEM VALUES(148,'Ireneusz','Ra\u015b')
INSERT INTO ITEM VALUES(149,'Andrzej','Romanek')
INSERT INTO ITEM VALUES(150,'Andrzej','Rozenek')
INSERT INTO ITEM VALUES(151,'Halina','Rozpondek')
INSERT INTO ITEM VALUES(152,'Jakub','Rutnicki')
INSERT INTO ITEM VALUES(153,'Armand Kamil','Ryfi\u0144ski')
INSERT INTO ITEM VALUES(154,'Zbigniew','Rynasiewicz')
INSERT INTO ITEM VALUES(155,'Bogdan','Rzo\u0144ca')
INSERT INTO ITEM VALUES(156,'Jacek','Sasin')
INSERT INTO ITEM VALUES(157,'Grzegorz','Schetyna')
INSERT INTO ITEM VALUES(158,'Jaros\u0142aw','Sellin')
INSERT INTO ITEM VALUES(159,'Krystyna','Sibi\u0144ska')
INSERT INTO ITEM VALUES(160,'Henryk','Siedlaczek')
INSERT INTO ITEM VALUES(161,'Krystyna','Skowro\u0144ska')
INSERT INTO ITEM VALUES(162,'Bo\u017cena','S\u0142awiak')
INSERT INTO ITEM VALUES(163,'Henryk','Smolarz')
INSERT INTO ITEM VALUES(164,'Anna El\u017cbieta','Sobecka')
INSERT INTO ITEM VALUES(165,'Zbigniew','Sosnowski')
INSERT INTO ITEM VALUES(166,'Franciszek Jerzy','Stefaniuk')
INSERT INTO ITEM VALUES(167,'Stefan','Strza\u0142kowski')
INSERT INTO ITEM VALUES(168,'Miron','Sycz')
INSERT INTO ITEM VALUES(169,'Jolanta','Szczypi\u0144ska')
INSERT INTO ITEM VALUES(170,'Adam','Szejnfeld')
INSERT INTO ITEM VALUES(171,'Andrzej','Szlachta')
INSERT INTO ITEM VALUES(172,'Grzegorz','Sztolcman')
INSERT INTO ITEM VALUES(173,'Andrzej','Sztorc')
INSERT INTO ITEM VALUES(174,'Krystyna','Szumilas')
INSERT INTO ITEM VALUES(175,'Stanis\u0142aw','Szwed')
INSERT INTO ITEM VALUES(176,'Bo\u017cena','Szyd\u0142owska')
INSERT INTO ITEM VALUES(177,'Halina','Szymiec-Raczy\u0144ska')
INSERT INTO ITEM VALUES(178,'Jan','Szyszko')
INSERT INTO ITEM VALUES(179,'Iwona','\u015aledzi\u0144ska-Katarasi\u0144ska')
INSERT INTO ITEM VALUES(180,'Janusz','\u015aniadek')
INSERT INTO ITEM VALUES(181,'Marcin','\u015awi\u0119cicki')
INSERT INTO ITEM VALUES(182,'Genowefa','Tokarska')
INSERT INTO ITEM VALUES(183,'Jan','Tomaszewski')
INSERT INTO ITEM VALUES(184,'Aleksandra','Trybu\u015b')
INSERT INTO ITEM VALUES(185,'Donald','Tusk')
INSERT INTO ITEM VALUES(186,'der Coghen Piotr','Van')
INSERT INTO ITEM VALUES(187,'Jan','Vincent-Rostowski')
INSERT INTO ITEM VALUES(188,'Jan','Warzecha')
INSERT INTO ITEM VALUES(189,'Jerzy','Wenderlich')
INSERT INTO ITEM VALUES(190,'Monika','Wielichowska')
INSERT INTO ITEM VALUES(191,'Jadwiga','Wi\u015bniewska')
INSERT INTO ITEM VALUES(192,'Marcin','Witko')
INSERT INTO ITEM VALUES(193,'Zbigniew','W\u0142odkowski')
INSERT INTO ITEM VALUES(194,'Norbert','Wojnarowski')
INSERT INTO ITEM VALUES(195,'Bogus\u0142aw','Wontor')
INSERT INTO ITEM VALUES(196,'Grzegorz Adam','Wo\u017aniak')
INSERT INTO ITEM VALUES(197,'Tadeusz','Wo\u017aniak')
INSERT INTO ITEM VALUES(198,'Marzena Dorota','Wr\u00f3bel')
INSERT INTO ITEM VALUES(199,'Stanis\u0142aw','Wzi\u0105tek')
INSERT INTO ITEM VALUES(200,'Anna','Zalewska')
INSERT INTO ITEM VALUES(201,'Renata','Zaremba')
INSERT INTO ITEM VALUES(202,'\u0141ukasz','Zbonikowski')
INSERT INTO ITEM VALUES(203,'Ryszard','Zbrzyzny')
INSERT INTO ITEM VALUES(204,'Bogdan','Zdrojewski')
INSERT INTO ITEM VALUES(205,'Wojciech','Ziemniak')
INSERT INTO ITEM VALUES(206,'Jan','Ziobro')
INSERT INTO ITEM VALUES(207,'Stanis\u0142aw','\u017belichowski')
INSERT INTO ITEM VALUES(208,'Stanis\u0142aw','\u017bmijan')
INSERT INTO ITEM VALUES(209,'Jerzy','\u017by\u017cy\u0144ski')
COMMIT
INSERT INTO ADDRESS VALUES(1,1,'Przysz\u0142o\u015bci 51','August\u00f3w')
INSERT INTO ADDRESS VALUES(2,2,'Warzywna 17','Chrzan\u00f3w')
INSERT INTO ADDRESS VALUES(3,3,'Jana III Sobieskiego 78','Hrubiesz\u00f3w')
INSERT INTO ADDRESS VALUES(4,4,'Sk\u0142adowa 65','\u0141\u00f3d\u017a')
INSERT INTO ADDRESS VALUES(5,5,'Bereniki 21','Olkusz')
INSERT INTO ADDRESS VALUES(6,6,'\u015bw. El\u017cbiety 20','O\u0142awa')
INSERT INTO ADDRESS VALUES(7,7,'Gruszczy\u0144skiego 8','Stronie \u015al\u0105skie')
INSERT INTO ADDRESS VALUES(8,8,'Bekasa 97','I\u0142awa')
INSERT INTO ADDRESS VALUES(9,9,'Miko\u0142owska 71','Leszno')
INSERT INTO ADDRESS VALUES(10,10,'Sienkiewicza 88','G\u0142og\u00f3w')
INSERT INTO ADDRESS VALUES(11,11,'Jana Paw\u0142a II 62','Sopot')
INSERT INTO ADDRESS VALUES(12,12,'\u015arednia 59','Polkowice')
INSERT INTO ADDRESS VALUES(13,13,'Kusoci\u0144skiego 96','Ko\u015bcian')
INSERT INTO ADDRESS VALUES(14,14,'Jesienna 45','\u0141\u0119czna')
INSERT INTO ADDRESS VALUES(15,15,'Puszkina 42','Ko\u015bcierzyna')
INSERT INTO ADDRESS VALUES(16,16,'Bia\u0142ej Bramy 4','Bochnia')
INSERT INTO ADDRESS VALUES(17,17,'Helska 98','Nowe Miasto Lubawskie')
INSERT INTO ADDRESS VALUES(18,18,'Ossoli\u0144skich 20','\u017baga\u0144')
INSERT INTO ADDRESS VALUES(19,19,'Kraszewskiego 43','Polkowice')
INSERT INTO ADDRESS VALUES(20,20,'Chatka Puchatka 94','Stronie \u015al\u0105skie')
INSERT INTO ADDRESS VALUES(21,21,'Toru\u0144ska 48','Legnica')
INSERT INTO ADDRESS VALUES(22,22,'Zacisze 87','Malbork')
INSERT INTO ADDRESS VALUES(23,23,'Bo\u0144czyka 26','\u015awiebodzin')
INSERT INTO ADDRESS VALUES(24,24,'Tarninowa 70','Gorz\u00f3w Wielkopolski')
INSERT INTO ADDRESS VALUES(25,25,'PCK 92','Leszno')
INSERT INTO ADDRESS VALUES(26,26,'Las \u0141ab\u0119dzki 32','Proszowice')
INSERT INTO ADDRESS VALUES(27,27,'Plonowa 82','Wis\u0142a')
INSERT INTO ADDRESS VALUES(28,28,'Gorzo\u0142ki 58','Hel')
INSERT INTO ADDRESS VALUES(29,29,'Sienkiewicza 49','Szczawno-Zdr\u00f3j')
INSERT INTO ADDRESS VALUES(30,30,'Miel\u0119ckiego 85','Zabrze')
INSERT INTO ADDRESS VALUES(31,31,'Tokarska 81','Opole Lubelskie')
INSERT INTO ADDRESS VALUES(32,32,'\u015awi\u0119tokrzyska 47','\u0141om\u017ca')
INSERT INTO ADDRESS VALUES(33,33,'Jab\u0142oni 48','Pisz')
INSERT INTO ADDRESS VALUES(34,34,'Kos\u00f3w 42','\u015awierad\u00f3w-Zdr\u00f3j')
INSERT INTO ADDRESS VALUES(35,35,'Jask\u00f3\u0142cza 39','K\u0119trzyn')
INSERT INTO ADDRESS VALUES(36,36,'al. Korfantego 92','D\u0105browa G\u00f3rnicza')
INSERT INTO ADDRESS VALUES(37,37,'Zak\u0105tek Le\u015bny 84','Elbl\u0105g')
INSERT INTO ADDRESS VALUES(38,38,'Bankowa 41','S\u0142awno')
INSERT INTO ADDRESS VALUES(39,39,'Zubrzyckiego 87','Gniew')
INSERT INTO ADDRESS VALUES(40,40,'\u0141\u00f3dzka 93','K\u0119pno')
INSERT INTO ADDRESS VALUES(41,41,'Centaura 59','Racib\u00f3rz')
INSERT INTO ADDRESS VALUES(42,42,'Wybrze\u017ce Wojska Polskiego 44','Limanowa')
INSERT INTO ADDRESS VALUES(43,43,'Bajana 68','Miastko')
INSERT INTO ADDRESS VALUES(44,44,'Piramowicza 91','Pabianice')
INSERT INTO ADDRESS VALUES(45,45,'Przyszowska 56','Parczew')
INSERT INTO ADDRESS VALUES(46,46,'Czerskiego 86','Skawina')
INSERT INTO ADDRESS VALUES(47,47,'Storczyk\u00f3w 52','Gdynia')
INSERT INTO ADDRESS VALUES(48,48,'Wielkiej Nied\u017awiedzicy 93','Strzegom')
INSERT INTO ADDRESS VALUES(49,49,'Okopowa 56','Pelplin')
INSERT INTO ADDRESS VALUES(50,50,'Centaura 88','Wroc\u0142aw')
INSERT INTO ADDRESS VALUES(51,51,'Basztowa 17','Pabianice')
INSERT INTO ADDRESS VALUES(52,52,'ONZ 22','\u0141a\u0144cut')
INSERT INTO ADDRESS VALUES(53,53,'Przemys\u0142owa 21','P\u0142ock')
INSERT INTO ADDRESS VALUES(54,54,'Dekabryst\u00f3w 86','Hel')
INSERT INTO ADDRESS VALUES(55,55,'pl. Inwalid\u00f3w Wojennych 61','Puck')
INSERT INTO ADDRESS VALUES(56,56,'Sp\u00f3\u0142dzielcza 62','Jan\u00f3w Lubelski')
INSERT INTO ADDRESS VALUES(57,57,'Kana\u0142owa 87','Nowy Tomy\u015bl')
INSERT INTO ADDRESS VALUES(58,58,'M\u0142odopolska 98','\u0141\u0119czna')
INSERT INTO ADDRESS VALUES(59,59,'Jagiello\u0144ska 38','Sosnowiec')
INSERT INTO ADDRESS VALUES(60,60,'Krucza 85','W\u0142odawa')
INSERT INTO ADDRESS VALUES(61,61,'Gierymskiego 73','Zielona G\u00f3ra')
INSERT INTO ADDRESS VALUES(62,62,'Koniczynowa 55','Siemianowice \u015al\u0105skie')
INSERT INTO ADDRESS VALUES(63,63,'b\u0142. Czes\u0142awa 66','Wieliczka')
INSERT INTO ADDRESS VALUES(64,64,'Olimpijska 63','\u0141\u0119czyca')
INSERT INTO ADDRESS VALUES(65,65,'Na\u0142kowskiej 5','Tomasz\u00f3w Mazowiecki')
INSERT INTO ADDRESS VALUES(66,66,'Studzienna 60','\u017bory')
INSERT INTO ADDRESS VALUES(67,67,'Na Zbiegu 56','Bydgoszcz')
INSERT INTO ADDRESS VALUES(68,68,'S\u0142oneczna 47','W\u0142odawa')
INSERT INTO ADDRESS VALUES(69,69,'Tulipan\u00f3w 23','Reda')
INSERT INTO ADDRESS VALUES(70,70,'\u015bw. Andrzeja 36','Pleszew')
INSERT INTO ADDRESS VALUES(71,71,'Kielecka 54','Krzeszowice')
INSERT INTO ADDRESS VALUES(72,72,'Zawadzkiego 63','Parczew')
INSERT INTO ADDRESS VALUES(73,73,'Piekarska 9','Cz\u0142uch\u00f3w')
INSERT INTO ADDRESS VALUES(74,74,'Opawska 11','Sieradz')
INSERT INTO ADDRESS VALUES(75,75,'Kili\u0144skiego 91','Wadowice')
INSERT INTO ADDRESS VALUES(76,77,'M\u0142y\u0144ska 66','K\u0142obuck')
INSERT INTO ADDRESS VALUES(77,78,'Drzyma\u0142y 34','Tomasz\u00f3w Mazowiecki')
INSERT INTO ADDRESS VALUES(78,79,'Konopnickiej 73','Stalowa Wola')
INSERT INTO ADDRESS VALUES(79,80,'Armii Ludowej 48','Olecko')
INSERT INTO ADDRESS VALUES(80,81,'Bojkowska 8','Mi\u0119dzyrzecz')
INSERT INTO ADDRESS VALUES(81,82,'Jesienna 39','Siemianowice \u015al\u0105skie')
INSERT INTO ADDRESS VALUES(82,83,'Pionier\u00f3w 64','Tarn\u00f3w')
INSERT INTO ADDRESS VALUES(83,84,'\u015bw. Jacka 61','D\u0105browa G\u00f3rnicza')
INSERT INTO ADDRESS VALUES(84,85,'Ociepki 27','Brzeziny')
INSERT INTO ADDRESS VALUES(85,86,'Bekasa 80','Lidzbark Warmi\u0144ski')
INSERT INTO ADDRESS VALUES(86,87,'Micha\u0142owskiego 12','Brzeziny')
INSERT INTO ADDRESS VALUES(87,88,'Ku Do\u0142om 80','Z\u0142otoryja')
INSERT INTO ADDRESS VALUES(88,89,'Ko\u015bciuszki 82','Pi\u0142a')
INSERT INTO ADDRESS VALUES(89,90,'Solskiego 25','Strzy\u017c\u00f3w')
INSERT INTO ADDRESS VALUES(90,91,'\u015al\u0105ska 1','Mielec')
INSERT INTO ADDRESS VALUES(91,92,'Radiowa 51','Byt\u00f3w')
INSERT INTO ADDRESS VALUES(92,93,'Berbeckiego 19','Zamo\u015b\u0107')
INSERT INTO ADDRESS VALUES(93,94,'Sobieskiego 19','G\u0142og\u00f3w')
INSERT INTO ADDRESS VALUES(94,95,'Orlickiego 44','Wo\u0142\u00f3w')
INSERT INTO ADDRESS VALUES(95,96,'Mieszka I 21','Nisko')
INSERT INTO ADDRESS VALUES(96,97,'Strzeleckiego 58','Trzebnica')
INSERT INTO ADDRESS VALUES(97,98,'Krzywa 77','Sopot')
INSERT INTO ADDRESS VALUES(98,99,'Libelta 78','Nowy Targ')
INSERT INTO ADDRESS VALUES(99,100,'pl. Inwalid\u00f3w Wojennych 29','\u017bywiec')
INSERT INTO ADDRESS VALUES(100,101,'Szarych Szereg\u00f3w 23','B\u0119dzin')
INSERT INTO ADDRESS VALUES(101,102,'Bereniki 93','Pozna\u0144')
INSERT INTO ADDRESS VALUES(102,103,'Matejki 55','Chorz\u00f3w')
INSERT INTO ADDRESS VALUES(103,104,'\u015bw. Cecylii 29','Wadowice')
INSERT INTO ADDRESS VALUES(104,105,'M\u0142odzie\u017cowa 54','Szczawno-Zdr\u00f3j')
INSERT INTO ADDRESS VALUES(105,106,'Ossoli\u0144skich 59','Bia\u0142ystok')
INSERT INTO ADDRESS VALUES(106,107,'Dekabryst\u00f3w 22','W\u0142odawa')
INSERT INTO ADDRESS VALUES(107,108,'Olimpijska 38','Brzeg Dolny')
INSERT INTO ADDRESS VALUES(108,109,'Chod\u017aki 69','Mi\u0119dzyrzecz')
INSERT INTO ADDRESS VALUES(109,110,'Chemiczna 27','Wroc\u0142aw')
INSERT INTO ADDRESS VALUES(110,111,'Literat\u00f3w 92','Opalenica')
INSERT INTO ADDRESS VALUES(111,112,'Plonowa 41','Gorz\u00f3w Wielkopolski')
INSERT INTO ADDRESS VALUES(112,113,'Domeyki 79','Miko\u0142\u00f3w')
INSERT INTO ADDRESS VALUES(113,114,'Rogozi\u0144skiego 92','Ruda \u015al\u0105ska')
INSERT INTO ADDRESS VALUES(114,115,'Nadbrze\u017cna 10','\u0141om\u017ca')
INSERT INTO ADDRESS VALUES(115,116,'Warmi\u0144ska 14','Ciechan\u00f3w')
INSERT INTO ADDRESS VALUES(116,117,'Wigilijna 91','Chojnice')
INSERT INTO ADDRESS VALUES(117,118,'Nadbrze\u017cna 2','Sosnowiec')
INSERT INTO ADDRESS VALUES(118,119,'S\u0142upska 32','Skierniewice')
INSERT INTO ADDRESS VALUES(119,120,'Dunikowskiego 40','Bia\u0142ystok')
INSERT INTO ADDRESS VALUES(120,121,'Raciborska 80','Szczyrk')
INSERT INTO ADDRESS VALUES(121,122,'G\u00f3rna 14','Braniewo')
INSERT INTO ADDRESS VALUES(122,123,'My\u015bliwska 39','Ostr\u00f3da')
INSERT INTO ADDRESS VALUES(123,124,'Syriusza 46','Chrzan\u00f3w')
INSERT INTO ADDRESS VALUES(124,125,'Na \u0141uku 13','Luba\u0144')
INSERT INTO ADDRESS VALUES(125,126,'Cytadeli Warszawskiej 31','Krzeszowice')
INSERT INTO ADDRESS VALUES(126,127,'My\u015bliwska 70','Nowy Dw\u00f3r Gda\u0144ski')
INSERT INTO ADDRESS VALUES(127,128,'Fa\u0142ata 22','Siemianowice \u015al\u0105skie')
INSERT INTO ADDRESS VALUES(128,129,'Wolskiego 80','Bia\u0142ystok')
INSERT INTO ADDRESS VALUES(129,130,'Zawiszy Czarnego 34','Wadowice')
INSERT INTO ADDRESS VALUES(130,131,'Koz\u0142owska 14','Zabrze')
INSERT INTO ADDRESS VALUES(131,132,'\u0141ukasiewicza 98','Radom')
INSERT INTO ADDRESS VALUES(132,133,'Bia\u0142ostocka 72','Z\u0105bkowice \u015al\u0105skie')
INSERT INTO ADDRESS VALUES(133,134,'Strzelc\u00f3w Bytomskich 68','Wo\u0142\u00f3w')
INSERT INTO ADDRESS VALUES(134,135,'Galaktyki 6','\u0141\u0119czyca')
INSERT INTO ADDRESS VALUES(135,136,'\u0179r\u00f3dlana 84','Szczecin')
INSERT INTO ADDRESS VALUES(136,137,'Portowa 57','Brzesko')
INSERT INTO ADDRESS VALUES(137,138,'\u015al\u0105ska 14','Gniezno')
INSERT INTO ADDRESS VALUES(138,139,'Skalskiego 94','Pisz')
INSERT INTO ADDRESS VALUES(139,140,'Koniczynowa 89','\u015awidnik')
INSERT INTO ADDRESS VALUES(140,141,'Kapliczna 73','Miastko')
INSERT INTO ADDRESS VALUES(141,142,'Zabrska 94','Gniezno')
INSERT INTO ADDRESS VALUES(142,143,'Floria\u0144ska 15','Be\u0142chat\u00f3w')
INSERT INTO ADDRESS VALUES(143,144,'Towarowa 73','Mr\u0105gowo')
INSERT INTO ADDRESS VALUES(144,145,'Urodzajna 34','Kazimierz Dolny')
INSERT INTO ADDRESS VALUES(145,146,'Piaskowa 80','Chorz\u00f3w')
INSERT INTO ADDRESS VALUES(146,147,'Bienka 37','Olkusz')
INSERT INTO ADDRESS VALUES(147,148,'Rogera 52','Racib\u00f3rz')
INSERT INTO ADDRESS VALUES(148,149,'M\u0142odopolska 74','Nidzica')
INSERT INTO ADDRESS VALUES(149,150,'Zamkowa 22','\u015aroda Wielkopolska')
INSERT INTO ADDRESS VALUES(150,151,'Opolska 92','Hel')
INSERT INTO ADDRESS VALUES(151,152,'Leonarda da Vinci 96','Syc\u00f3w')
INSERT INTO ADDRESS VALUES(152,153,'Sob\u00f3tki 91','Sul\u0119cin')
INSERT INTO ADDRESS VALUES(153,154,'Pauli\u0144ska 93','G\u0142uszyca')
INSERT INTO ADDRESS VALUES(154,155,'Konarskiego 92','Proszowice')
INSERT INTO ADDRESS VALUES(155,156,'Nad \u0141\u0105kami 97','Lubin')
INSERT INTO ADDRESS VALUES(156,157,'Wysoka 15','G\u0142og\u00f3w')
INSERT INTO ADDRESS VALUES(157,158,'Odlewnik\u00f3w 65','Tomasz\u00f3w Lubelski')
INSERT INTO ADDRESS VALUES(158,159,'Dunikowskiego 97','Legnica')
INSERT INTO ADDRESS VALUES(159,160,'Wrzosowa 14','K\u0142odzko')
INSERT INTO ADDRESS VALUES(160,161,'Wybrze\u017ce Wojska Polskiego 47','Hel')
INSERT INTO ADDRESS VALUES(161,162,'G\u00f3ry Che\u0142mskiej 17','\u017bywiec')
INSERT INTO ADDRESS VALUES(162,163,'Zamenhofa 81','Katowice')
INSERT INTO ADDRESS VALUES(163,164,'Tarnog\u00f3rska 5','Miastko')
INSERT INTO ADDRESS VALUES(164,165,'\u0141ab\u0119dzka 69','Go\u0142dap')
INSERT INTO ADDRESS VALUES(165,166,'Lotnik\u00f3w 64','Kra\u015bnik')
INSERT INTO ADDRESS VALUES(166,167,'Miarki 19','Toru\u0144')
INSERT INTO ADDRESS VALUES(167,168,'Malczewskiego 22','Bia\u0142ystok')
INSERT INTO ADDRESS VALUES(168,169,'O\u015bwi\u0119cimska 9','Krosno Odrza\u0144skie')
INSERT INTO ADDRESS VALUES(169,170,'Cieszy\u0144ska 31','Tomasz\u00f3w Mazowiecki')
INSERT INTO ADDRESS VALUES(170,171,'Kaliska 18','Nisko')
INSERT INTO ADDRESS VALUES(171,172,'Zakopia\u0144ska 68','Toru\u0144')
INSERT INTO ADDRESS VALUES(172,173,'Rogozi\u0144skiego 40','Dzier\u017coni\u00f3w')
INSERT INTO ADDRESS VALUES(173,174,'Dolnych Wa\u0142\u00f3w 27','Chojnice')
INSERT INTO ADDRESS VALUES(174,175,'Grodeckiego 53','Szczytno')
INSERT INTO ADDRESS VALUES(175,176,'Bajana 78','Jas\u0142o')
INSERT INTO ADDRESS VALUES(176,177,'Sieronia 16','Sztum')
INSERT INTO ADDRESS VALUES(177,178,'Bienka 41','Polkowice')
INSERT INTO ADDRESS VALUES(178,179,'M\u0142odopolska 67','Chorz\u00f3w')
INSERT INTO ADDRESS VALUES(179,180,'Reja 87','Koszalin')
INSERT INTO ADDRESS VALUES(180,181,'Ciesielska 27','D\u0105browa G\u00f3rnicza')
INSERT INTO ADDRESS VALUES(181,182,'Szobiszowicka 80','Nisko')
INSERT INTO ADDRESS VALUES(182,183,'Dzier\u017cona 41','D\u0105browa Tarnowska')
INSERT INTO ADDRESS VALUES(183,184,'Tarninowa 40','Puck')
INSERT INTO ADDRESS VALUES(184,185,'Ekonomist\u00f3w 98','Siemianowice \u015al\u0105skie')
INSERT INTO ADDRESS VALUES(185,186,'Targowa 88','Gliwice')
INSERT INTO ADDRESS VALUES(186,187,'Kolberga 21','Nowa S\u00f3l')
INSERT INTO ADDRESS VALUES(187,188,'M\u0142odzie\u017cowa 57','Szamotu\u0142y')
INSERT INTO ADDRESS VALUES(188,189,'\u015bw. Katarzyny 60','Grodzisk Wielkopolski')
INSERT INTO ADDRESS VALUES(189,190,'Ogrodowa 12','Swarz\u0119dz')
INSERT INTO ADDRESS VALUES(190,191,'Tatrza\u0144ska 28','Gosty\u0144')
INSERT INTO ADDRESS VALUES(191,192,'Na Skarpie 62','\u015aroda \u015al\u0105ska')
INSERT INTO ADDRESS VALUES(192,193,'Szybowa 23','Wis\u0142a')
INSERT INTO ADDRESS VALUES(193,194,'D\u0142uga 48','Gda\u0144sk')
INSERT INTO ADDRESS VALUES(194,195,'Kokoszki 78','Zdu\u0144ska Wola')
INSERT INTO ADDRESS VALUES(195,196,'Wielicka 25','Wo\u0142\u00f3w')
INSERT INTO ADDRESS VALUES(196,197,'Nasyp 58','Tomasz\u00f3w Mazowiecki')
INSERT INTO ADDRESS VALUES(197,198,'Go\u017adzikowa 15','Wroc\u0142aw')
INSERT INTO ADDRESS VALUES(198,199,'Asnyka 43','Le\u017cajsk')
INSERT INTO ADDRESS VALUES(199,200,'Snopowa 24','Strzegom')
INSERT INTO ADDRESS VALUES(200,201,'Baildona 99','Racib\u00f3rz')
INSERT INTO ADDRESS VALUES(201,202,'Rejtana 27','Rabka-Zdr\u00f3j')
INSERT INTO ADDRESS VALUES(202,203,'Niedurnego 41','Ole\u015bnica')
INSERT INTO ADDRESS VALUES(203,204,'Strzeleckiego 48','Limanowa')
INSERT INTO ADDRESS VALUES(204,205,'Drozd\u00f3w 64','Che\u0142m')
INSERT INTO ADDRESS VALUES(205,206,'\u015arednia 98','Parczew')
INSERT INTO ADDRESS VALUES(206,207,'Fa\u0142ata 1','Katowice')
INSERT INTO ADDRESS VALUES(207,208,'Konarskiego 69','Zielona G\u00f3ra')
INSERT INTO ADDRESS VALUES(208,209,'Limanowskiego 40','Ko\u0142o')
COMMIT
INSERT INTO PHONE VALUES(1,2,'288 962 987',NULL,NULL)
INSERT INTO PHONE VALUES(2,2,'080 654 749','kom\u00f3rka','true')
INSERT INTO PHONE VALUES(3,2,'865 578 687','prywatny','true')
INSERT INTO PHONE VALUES(4,4,'300 545 784','kom\u00f3rka','true')
INSERT INTO PHONE VALUES(5,4,'213 480 703','s\u0142u\u017cbowy',NULL)
INSERT INTO PHONE VALUES(6,4,'995 971 162','prywatny','true')
INSERT INTO PHONE VALUES(7,6,'850 608 092','s\u0142u\u017cbowy',NULL)
INSERT INTO PHONE VALUES(8,6,'278 280 132',NULL,NULL)
INSERT INTO PHONE VALUES(9,7,'158 033 044','s\u0142u\u017cbowy',NULL)
INSERT INTO PHONE VALUES(10,7,'468 548 503',NULL,NULL)
INSERT INTO PHONE VALUES(11,7,'038 534 216','prywatny','true')
INSERT INTO PHONE VALUES(12,9,'407 594 523','kom\u00f3rka','true')
INSERT INTO PHONE VALUES(13,9,'983 077 388','kom\u00f3rka','true')
INSERT INTO PHONE VALUES(14,9,'864 266 661',NULL,NULL)
INSERT INTO PHONE VALUES(15,10,'508 387 281','prywatny','true')
INSERT INTO PHONE VALUES(16,10,'596 733 759','prywatny','true')
INSERT INTO PHONE VALUES(17,11,'987 399 179','s\u0142u\u017cbowy',NULL)
INSERT INTO PHONE VALUES(18,11,'004 181 278',NULL,NULL)
INSERT INTO PHONE VALUES(19,11,'400 512 582','kom\u00f3rka','true')
INSERT INTO PHONE VALUES(20,12,'660 398 656',NULL,NULL)
INSERT INTO PHONE VALUES(21,12,'315 879 051','kom\u00f3rka','true')
INSERT INTO PHONE VALUES(22,12,'319 959 746',NULL,NULL)
INSERT INTO PHONE VALUES(23,13,'149 628 480','s\u0142u\u017cbowy',NULL)
INSERT INTO PHONE VALUES(24,14,'474 577 727','kom\u00f3rka','true')
INSERT INTO PHONE VALUES(25,15,'927 315 113',NULL,NULL)
INSERT INTO PHONE VALUES(26,15,'413 821 739','s\u0142u\u017cbowy',NULL)
INSERT INTO PHONE VALUES(27,17,'206 234 593','kom\u00f3rka','true')
INSERT INTO PHONE VALUES(28,17,'046 867 699',NULL,NULL)
INSERT INTO PHONE VALUES(29,18,'186 904 376','kom\u00f3rka','true')
INSERT INTO PHONE VALUES(30,18,'339 107 792','prywatny','true')
INSERT INTO PHONE VALUES(31,19,'024 413 661',NULL,NULL)
INSERT INTO PHONE VALUES(32,19,'477 692 809','prywatny','true')
INSERT INTO PHONE VALUES(33,19,'865 501 948','kom\u00f3rka','true')
INSERT INTO PHONE VALUES(34,20,'462 076 795','kom\u00f3rka','true')
INSERT INTO PHONE VALUES(35,20,'556 468 093','kom\u00f3rka','true')
INSERT INTO PHONE VALUES(36,20,'652 489 355','kom\u00f3rka','true')
INSERT INTO PHONE VALUES(37,21,'693 538 988','kom\u00f3rka','true')
INSERT INTO PHONE VALUES(38,22,'388 600 556','s\u0142u\u017cbowy',NULL)
INSERT INTO PHONE VALUES(39,22,'846 726 551',NULL,NULL)
INSERT INTO PHONE VALUES(40,22,'175 574 807',NULL,NULL)
INSERT INTO PHONE VALUES(41,23,'397 170 845','s\u0142u\u017cbowy',NULL)
INSERT INTO PHONE VALUES(42,23,'425 700 269','prywatny','true')
INSERT INTO PHONE VALUES(43,24,'932 490 385','s\u0142u\u017cbowy',NULL)
INSERT INTO PHONE VALUES(44,28,'580 330 090',NULL,NULL)
INSERT INTO PHONE VALUES(45,28,'761 536 428',NULL,NULL)
INSERT INTO PHONE VALUES(46,28,'429 995 740',NULL,NULL)
INSERT INTO PHONE VALUES(47,29,'486 249 963',NULL,NULL)
INSERT INTO PHONE VALUES(48,29,'587 030 585','prywatny','true')
INSERT INTO PHONE VALUES(49,29,'062 448 716','prywatny','true')
INSERT INTO PHONE VALUES(50,31,'273 363 924',NULL,NULL)
INSERT INTO PHONE VALUES(51,33,'062 303 994','kom\u00f3rka','true')
INSERT INTO PHONE VALUES(52,33,'469 959 762','s\u0142u\u017cbowy',NULL)
INSERT INTO PHONE VALUES(53,33,'571 400 797',NULL,NULL)
INSERT INTO PHONE VALUES(54,34,'280 703 718',NULL,NULL)
INSERT INTO PHONE VALUES(55,34,'780 001 346','kom\u00f3rka','true')
INSERT INTO PHONE VALUES(56,36,'228 589 223',NULL,NULL)
INSERT INTO PHONE VALUES(57,38,'645 782 500','prywatny','true')
INSERT INTO PHONE VALUES(58,38,'221 171 332','kom\u00f3rka','true')
INSERT INTO PHONE VALUES(59,39,'119 003 921',NULL,NULL)
INSERT INTO PHONE VALUES(60,39,'598 368 570','kom\u00f3rka','true')
INSERT INTO PHONE VALUES(61,40,'687 523 238','s\u0142u\u017cbowy',NULL)
INSERT INTO PHONE VALUES(62,40,'485 896 923','kom\u00f3rka','true')
INSERT INTO PHONE VALUES(63,41,'863 910 542',NULL,NULL)
INSERT INTO PHONE VALUES(64,42,'691 826 350','s\u0142u\u017cbowy',NULL)
INSERT INTO PHONE VALUES(65,43,'437 133 271','kom\u00f3rka','true')
INSERT INTO PHONE VALUES(66,43,'542 398 338',NULL,NULL)
INSERT INTO PHONE VALUES(67,43,'226 513 367','prywatny','true')
INSERT INTO PHONE VALUES(68,44,'226 724 415','prywatny','true')
INSERT INTO PHONE VALUES(69,45,'334 733 351',NULL,NULL)
INSERT INTO PHONE VALUES(70,45,'698 681 314','kom\u00f3rka','true')
INSERT INTO PHONE VALUES(71,47,'975 946 131','kom\u00f3rka','true')
INSERT INTO PHONE VALUES(72,48,'969 467 121','s\u0142u\u017cbowy',NULL)
INSERT INTO PHONE VALUES(73,48,'795 858 934',NULL,NULL)
INSERT INTO PHONE VALUES(74,48,'440 856 692','prywatny','true')
INSERT INTO PHONE VALUES(75,49,'319 796 525',NULL,NULL)
INSERT INTO PHONE VALUES(76,49,'246 728 092','s\u0142u\u017cbowy',NULL)
INSERT INTO PHONE VALUES(77,49,'432 870 316','prywatny','true')
INSERT INTO PHONE VALUES(78,50,'592 934 596','prywatny','true')
INSERT INTO PHONE VALUES(79,50,'734 936 876','prywatny','true')
INSERT INTO PHONE VALUES(80,51,'506 517 371',NULL,NULL)
INSERT INTO PHONE VALUES(81,52,'970 426 378','prywatny','true')
INSERT INTO PHONE VALUES(82,53,'656 403 507','s\u0142u\u017cbowy',NULL)
INSERT INTO PHONE VALUES(83,53,'975 140 128','prywatny','true')
INSERT INTO PHONE VALUES(84,53,'628 460 826','prywatny','true')
INSERT INTO PHONE VALUES(85,54,'924 604 351','s\u0142u\u017cbowy',NULL)
INSERT INTO PHONE VALUES(86,54,'845 838 093','s\u0142u\u017cbowy',NULL)
INSERT INTO PHONE VALUES(87,57,'632 730 047','s\u0142u\u017cbowy',NULL)
INSERT INTO PHONE VALUES(88,58,'960 851 700','kom\u00f3rka','true')
INSERT INTO PHONE VALUES(89,58,'213 635 673','kom\u00f3rka','true')
INSERT INTO PHONE VALUES(90,58,'513 990 028','s\u0142u\u017cbowy',NULL)
INSERT INTO PHONE VALUES(91,59,'324 665 153',NULL,NULL)
INSERT INTO PHONE VALUES(92,59,'357 324 823','prywatny','true')
INSERT INTO PHONE VALUES(93,59,'608 882 151',NULL,NULL)
INSERT INTO PHONE VALUES(94,62,'309 596 669',NULL,NULL)
INSERT INTO PHONE VALUES(95,62,'757 680 506','prywatny','true')
INSERT INTO PHONE VALUES(96,62,'348 614 254','s\u0142u\u017cbowy',NULL)
INSERT INTO PHONE VALUES(97,63,'250 802 314',NULL,NULL)
INSERT INTO PHONE VALUES(98,63,'577 570 929','s\u0142u\u017cbowy',NULL)
INSERT INTO PHONE VALUES(99,63,'304 347 495',NULL,NULL)
INSERT INTO PHONE VALUES(100,64,'407 387 068','kom\u00f3rka','true')
INSERT INTO PHONE VALUES(101,65,'697 577 170','kom\u00f3rka','true')
INSERT INTO PHONE VALUES(102,66,'620 949 174','prywatny','true')
INSERT INTO PHONE VALUES(103,66,'764 340 762',NULL,NULL)
INSERT INTO PHONE VALUES(104,67,'588 885 064',NULL,NULL)
INSERT INTO PHONE VALUES(105,68,'412 426 212','s\u0142u\u017cbowy',NULL)
INSERT INTO PHONE VALUES(106,68,'480 911 769','s\u0142u\u017cbowy',NULL)
INSERT INTO PHONE VALUES(107,68,'984 119 018','s\u0142u\u017cbowy',NULL)
INSERT INTO PHONE VALUES(108,69,'302 057 311','prywatny','true')
INSERT INTO PHONE VALUES(109,69,'424 651 870',NULL,NULL)
INSERT INTO PHONE VALUES(110,69,'735 701 735','kom\u00f3rka','true')
INSERT INTO PHONE VALUES(111,70,'828 255 653','s\u0142u\u017cbowy',NULL)
INSERT INTO PHONE VALUES(112,72,'515 693 965','s\u0142u\u017cbowy',NULL)
INSERT INTO PHONE VALUES(113,72,'124 866 316','kom\u00f3rka','true')
INSERT INTO PHONE VALUES(114,72,'793 973 857','kom\u00f3rka','true')
INSERT INTO PHONE VALUES(115,73,'152 871 893','kom\u00f3rka','true')
INSERT INTO PHONE VALUES(116,73,'280 003 457','s\u0142u\u017cbowy',NULL)
INSERT INTO PHONE VALUES(117,73,'156 936 369','prywatny','true')
INSERT INTO PHONE VALUES(118,74,'737 649 504',NULL,NULL)
INSERT INTO PHONE VALUES(119,74,'657 974 294','prywatny','true')
INSERT INTO PHONE VALUES(120,75,'749 451 144','s\u0142u\u017cbowy',NULL)
INSERT INTO PHONE VALUES(121,75,'325 954 364',NULL,NULL)
INSERT INTO PHONE VALUES(122,75,'878 850 394','kom\u00f3rka','true')
INSERT INTO PHONE VALUES(123,76,'417 145 864','prywatny','true')
INSERT INTO PHONE VALUES(124,76,'017 984 861','kom\u00f3rka','true')
INSERT INTO PHONE VALUES(125,77,'673 542 459','s\u0142u\u017cbowy',NULL)
INSERT INTO PHONE VALUES(126,78,'072 906 698','kom\u00f3rka','true')
INSERT INTO PHONE VALUES(127,78,'509 294 146',NULL,NULL)
INSERT INTO PHONE VALUES(128,78,'871 943 823',NULL,NULL)
INSERT INTO PHONE VALUES(129,79,'856 926 821',NULL,NULL)
INSERT INTO PHONE VALUES(130,80,'432 848 716','kom\u00f3rka','true')
INSERT INTO PHONE VALUES(131,80,'921 019 069','s\u0142u\u017cbowy',NULL)
INSERT INTO PHONE VALUES(132,80,'302 919 197',NULL,NULL)
INSERT INTO PHONE VALUES(133,84,'276 969 355',NULL,NULL)
INSERT INTO PHONE VALUES(134,85,'577 992 949','prywatny','true')
INSERT INTO PHONE VALUES(135,86,'574 582 520','s\u0142u\u017cbowy',NULL)
INSERT INTO PHONE VALUES(136,86,'543 906 624',NULL,NULL)
INSERT INTO PHONE VALUES(137,86,'844 285 089',NULL,NULL)
INSERT INTO PHONE VALUES(138,87,'967 954 277','prywatny','true')
INSERT INTO PHONE VALUES(139,87,'764 652 840','kom\u00f3rka','true')
INSERT INTO PHONE VALUES(140,87,'165 402 541','prywatny','true')
INSERT INTO PHONE VALUES(141,88,'717 358 227','s\u0142u\u017cbowy',NULL)
INSERT INTO PHONE VALUES(142,91,'563 822 299','kom\u00f3rka','true')
INSERT INTO PHONE VALUES(143,91,'801 903 388','kom\u00f3rka','true')
INSERT INTO PHONE VALUES(144,91,'258 596 362','prywatny','true')
INSERT INTO PHONE VALUES(145,92,'230 388 284',NULL,NULL)
INSERT INTO PHONE VALUES(146,92,'970 445 865','s\u0142u\u017cbowy',NULL)
INSERT INTO PHONE VALUES(147,93,'782 063 422','s\u0142u\u017cbowy',NULL)
INSERT INTO PHONE VALUES(148,93,'291 889 695','prywatny','true')
INSERT INTO PHONE VALUES(149,93,'963 720 212','kom\u00f3rka','true')
INSERT INTO PHONE VALUES(150,95,'206 474 557','kom\u00f3rka','true')
INSERT INTO PHONE VALUES(151,95,'055 121 045','kom\u00f3rka','true')
INSERT INTO PHONE VALUES(152,95,'414 867 318','prywatny','true')
INSERT INTO PHONE VALUES(153,96,'443 992 047','kom\u00f3rka','true')
INSERT INTO PHONE VALUES(154,96,'477 267 452','prywatny','true')
INSERT INTO PHONE VALUES(155,98,'879 543 828','prywatny','true')
INSERT INTO PHONE VALUES(156,98,'439 992 369','s\u0142u\u017cbowy',NULL)
INSERT INTO PHONE VALUES(157,101,'571 507 527','prywatny','true')
INSERT INTO PHONE VALUES(158,102,'574 488 646','kom\u00f3rka','true')
INSERT INTO PHONE VALUES(159,102,'254 540 285',NULL,NULL)
INSERT INTO PHONE VALUES(160,102,'677 895 996','prywatny','true')
INSERT INTO PHONE VALUES(161,103,'706 537 462',NULL,NULL)
INSERT INTO PHONE VALUES(162,104,'002 118 186',NULL,NULL)
INSERT INTO PHONE VALUES(163,104,'466 337 904','s\u0142u\u017cbowy',NULL)
INSERT INTO PHONE VALUES(164,107,'636 422 196','prywatny','true')
INSERT INTO PHONE VALUES(165,107,'141 878 003',NULL,NULL)
INSERT INTO PHONE VALUES(166,108,'325 335 465','kom\u00f3rka','true')
INSERT INTO PHONE VALUES(167,110,'567 252 433','s\u0142u\u017cbowy',NULL)
INSERT INTO PHONE VALUES(168,110,'957 701 131',NULL,NULL)
INSERT INTO PHONE VALUES(169,110,'334 068 840','s\u0142u\u017cbowy',NULL)
INSERT INTO PHONE VALUES(170,111,'610 391 031',NULL,NULL)
INSERT INTO PHONE VALUES(171,112,'665 090 009','s\u0142u\u017cbowy',NULL)
INSERT INTO PHONE VALUES(172,113,'017 597 421','s\u0142u\u017cbowy',NULL)
INSERT INTO PHONE VALUES(173,113,'127 604 191',NULL,NULL)
INSERT INTO PHONE VALUES(174,114,'302 467 927','kom\u00f3rka','true')
INSERT INTO PHONE VALUES(175,114,'566 947 364','prywatny','true')
INSERT INTO PHONE VALUES(176,115,'109 135 851','kom\u00f3rka','true')
INSERT INTO PHONE VALUES(177,116,'336 241 923',NULL,NULL)
INSERT INTO PHONE VALUES(178,117,'793 835 078','prywatny','true')
INSERT INTO PHONE VALUES(179,117,'395 963 589','s\u0142u\u017cbowy',NULL)
INSERT INTO PHONE VALUES(180,118,'763 564 180','s\u0142u\u017cbowy',NULL)
INSERT INTO PHONE VALUES(181,120,'930 417 069','s\u0142u\u017cbowy',NULL)
INSERT INTO PHONE VALUES(182,120,'002 822 957','prywatny','true')
INSERT INTO PHONE VALUES(183,121,'036 100 077','s\u0142u\u017cbowy',NULL)
INSERT INTO PHONE VALUES(184,121,'163 433 306','prywatny','true')
INSERT INTO PHONE VALUES(185,121,'697 844 594','prywatny','true')
INSERT INTO PHONE VALUES(186,122,'037 209 860','kom\u00f3rka','true')
INSERT INTO PHONE VALUES(187,123,'867 553 718','kom\u00f3rka','true')
INSERT INTO PHONE VALUES(188,123,'695 956 941',NULL,NULL)
INSERT INTO PHONE VALUES(189,124,'475 931 292','prywatny','true')
INSERT INTO PHONE VALUES(190,124,'367 270 496',NULL,NULL)
INSERT INTO PHONE VALUES(191,124,'361 064 981',NULL,NULL)
INSERT INTO PHONE VALUES(192,126,'863 407 761',NULL,NULL)
INSERT INTO PHONE VALUES(193,127,'545 040 887','kom\u00f3rka','true')
INSERT INTO PHONE VALUES(194,127,'927 645 165','kom\u00f3rka','true')
INSERT INTO PHONE VALUES(195,128,'002 327 673','kom\u00f3rka','true')
INSERT INTO PHONE VALUES(196,128,'879 603 874','kom\u00f3rka','true')
INSERT INTO PHONE VALUES(197,131,'669 948 224','s\u0142u\u017cbowy',NULL)
INSERT INTO PHONE VALUES(198,133,'724 254 817',NULL,NULL)
INSERT INTO PHONE VALUES(199,133,'608 413 292','s\u0142u\u017cbowy',NULL)
INSERT INTO PHONE VALUES(200,133,'676 978 557',NULL,NULL)
INSERT INTO PHONE VALUES(201,134,'718 137 722','prywatny','true')
INSERT INTO PHONE VALUES(202,134,'108 680 324','kom\u00f3rka','true')
INSERT INTO PHONE VALUES(203,136,'435 553 809','s\u0142u\u017cbowy',NULL)
INSERT INTO PHONE VALUES(204,137,'876 178 662','s\u0142u\u017cbowy',NULL)
INSERT INTO PHONE VALUES(205,138,'656 962 832','s\u0142u\u017cbowy',NULL)
INSERT INTO PHONE VALUES(206,139,'771 286 885','prywatny','true')
INSERT INTO PHONE VALUES(207,139,'741 554 125','prywatny','true')
INSERT INTO PHONE VALUES(208,140,'990 277 698','prywatny','true')
INSERT INTO PHONE VALUES(209,140,'294 247 772',NULL,NULL)
INSERT INTO PHONE VALUES(210,140,'416 008 608','prywatny','true')
INSERT INTO PHONE VALUES(211,141,'989 580 092',NULL,NULL)
INSERT INTO PHONE VALUES(212,142,'953 217 838',NULL,NULL)
INSERT INTO PHONE VALUES(213,142,'704 117 883',NULL,NULL)
INSERT INTO PHONE VALUES(214,145,'963 367 787','prywatny','true')
INSERT INTO PHONE VALUES(215,145,'591 099 360','prywatny','true')
INSERT INTO PHONE VALUES(216,146,'999 019 590','s\u0142u\u017cbowy',NULL)
INSERT INTO PHONE VALUES(217,146,'397 134 364','prywatny','true')
INSERT INTO PHONE VALUES(218,146,'939 592 659',NULL,NULL)
INSERT INTO PHONE VALUES(219,147,'964 184 842','prywatny','true')
INSERT INTO PHONE VALUES(220,148,'012 475 687',NULL,NULL)
INSERT INTO PHONE VALUES(221,148,'476 162 063','s\u0142u\u017cbowy',NULL)
INSERT INTO PHONE VALUES(222,149,'208 971 926',NULL,NULL)
INSERT INTO PHONE VALUES(223,149,'599 256 893','kom\u00f3rka','true')
INSERT INTO PHONE VALUES(224,150,'001 402 897','kom\u00f3rka','true')
INSERT INTO PHONE VALUES(225,150,'474 871 463','prywatny','true')
INSERT INTO PHONE VALUES(226,152,'675 307 343','prywatny','true')
INSERT INTO PHONE VALUES(227,152,'340 465 756','s\u0142u\u017cbowy',NULL)
INSERT INTO PHONE VALUES(228,155,'068 924 148',NULL,NULL)
INSERT INTO PHONE VALUES(229,155,'993 678 773',NULL,NULL)
INSERT INTO PHONE VALUES(230,156,'634 275 558','kom\u00f3rka','true')
INSERT INTO PHONE VALUES(231,157,'473 633 223','s\u0142u\u017cbowy',NULL)
INSERT INTO PHONE VALUES(232,158,'624 550 978','s\u0142u\u017cbowy',NULL)
INSERT INTO PHONE VALUES(233,158,'997 959 516',NULL,NULL)
INSERT INTO PHONE VALUES(234,158,'049 913 333','s\u0142u\u017cbowy',NULL)
INSERT INTO PHONE VALUES(235,159,'337 172 542',NULL,NULL)
INSERT INTO PHONE VALUES(236,159,'719 093 316',NULL,NULL)
INSERT INTO PHONE VALUES(237,161,'145 903 779',NULL,NULL)
INSERT INTO PHONE VALUES(238,162,'845 909 359','s\u0142u\u017cbowy',NULL)
INSERT INTO PHONE VALUES(239,163,'597 515 329','kom\u00f3rka','true')
INSERT INTO PHONE VALUES(240,163,'183 300 967','prywatny','true')
INSERT INTO PHONE VALUES(241,164,'971 506 549','prywatny','true')
INSERT INTO PHONE VALUES(242,164,'625 801 914','kom\u00f3rka','true')
INSERT INTO PHONE VALUES(243,164,'340 546 914',NULL,NULL)
INSERT INTO PHONE VALUES(244,165,'502 992 189','s\u0142u\u017cbowy',NULL)
INSERT INTO PHONE VALUES(245,167,'261 832 482','prywatny','true')
INSERT INTO PHONE VALUES(246,167,'789 626 358','kom\u00f3rka','true')
INSERT INTO PHONE VALUES(247,170,'515 755 238','s\u0142u\u017cbowy',NULL)
INSERT INTO PHONE VALUES(248,170,'947 027 812','prywatny','true')
INSERT INTO PHONE VALUES(249,171,'759 349 228','kom\u00f3rka','true')
INSERT INTO PHONE VALUES(250,171,'677 140 767','prywatny','true')
INSERT INTO PHONE VALUES(251,172,'135 622 722','prywatny','true')
INSERT INTO PHONE VALUES(252,172,'700 509 974',NULL,NULL)
INSERT INTO PHONE VALUES(253,172,'079 192 458','kom\u00f3rka','true')
INSERT INTO PHONE VALUES(254,173,'410 898 368','kom\u00f3rka','true')
INSERT INTO PHONE VALUES(255,173,'307 978 016','kom\u00f3rka','true')
INSERT INTO PHONE VALUES(256,174,'240 157 353','s\u0142u\u017cbowy',NULL)
INSERT INTO PHONE VALUES(257,174,'448 037 049','kom\u00f3rka','true')
INSERT INTO PHONE VALUES(258,175,'304 606 061','prywatny','true')
INSERT INTO PHONE VALUES(259,176,'533 642 580','prywatny','true')
INSERT INTO PHONE VALUES(260,176,'995 665 560','s\u0142u\u017cbowy',NULL)
INSERT INTO PHONE VALUES(261,177,'257 446 063',NULL,NULL)
INSERT INTO PHONE VALUES(262,177,'039 603 442','prywatny','true')
INSERT INTO PHONE VALUES(263,178,'753 271 796','prywatny','true')
INSERT INTO PHONE VALUES(264,179,'049 611 716','prywatny','true')
INSERT INTO PHONE VALUES(265,179,'470 743 169','prywatny','true')
INSERT INTO PHONE VALUES(266,179,'569 689 869','prywatny','true')
INSERT INTO PHONE VALUES(267,180,'817 860 546','prywatny','true')
INSERT INTO PHONE VALUES(268,180,'124 638 142',NULL,NULL)
INSERT INTO PHONE VALUES(269,181,'340 601 349','kom\u00f3rka','true')
INSERT INTO PHONE VALUES(270,182,'510 712 510',NULL,NULL)
INSERT INTO PHONE VALUES(271,183,'617 720 828',NULL,NULL)
INSERT INTO PHONE VALUES(272,183,'322 571 980',NULL,NULL)
INSERT INTO PHONE VALUES(273,184,'730 138 939',NULL,NULL)
INSERT INTO PHONE VALUES(274,184,'200 162 827','prywatny','true')
INSERT INTO PHONE VALUES(275,186,'715 646 432',NULL,NULL)
INSERT INTO PHONE VALUES(276,187,'695 292 956','s\u0142u\u017cbowy',NULL)
INSERT INTO PHONE VALUES(277,187,'944 883 171','kom\u00f3rka','true')
INSERT INTO PHONE VALUES(278,189,'444 048 654',NULL,NULL)
INSERT INTO PHONE VALUES(279,189,'478 899 480','prywatny','true')
INSERT INTO PHONE VALUES(280,190,'938 242 112','prywatny','true')
INSERT INTO PHONE VALUES(281,191,'119 043 707','s\u0142u\u017cbowy',NULL)
INSERT INTO PHONE VALUES(282,191,'675 100 959','kom\u00f3rka','true')
INSERT INTO PHONE VALUES(283,191,'753 416 830','kom\u00f3rka','true')
INSERT INTO PHONE VALUES(284,192,'943 165 044','prywatny','true')
INSERT INTO PHONE VALUES(285,193,'665 438 687',NULL,NULL)
INSERT INTO PHONE VALUES(286,193,'008 222 104','s\u0142u\u017cbowy',NULL)
INSERT INTO PHONE VALUES(287,194,'048 017 122','kom\u00f3rka','true')
INSERT INTO PHONE VALUES(288,194,'894 518 747','s\u0142u\u017cbowy',NULL)
INSERT INTO PHONE VALUES(289,194,'738 537 641','kom\u00f3rka','true')
INSERT INTO PHONE VALUES(290,195,'214 748 493','kom\u00f3rka','true')
INSERT INTO PHONE VALUES(291,195,'518 963 860',NULL,NULL)
INSERT INTO PHONE VALUES(292,195,'550 374 747',NULL,NULL)
INSERT INTO PHONE VALUES(293,196,'333 043 945','kom\u00f3rka','true')
INSERT INTO PHONE VALUES(294,197,'520 080 934',NULL,NULL)
INSERT INTO PHONE VALUES(295,197,'236 749 430','kom\u00f3rka','true')
INSERT INTO PHONE VALUES(296,197,'448 927 470','kom\u00f3rka','true')
INSERT INTO PHONE VALUES(297,198,'470 401 236','s\u0142u\u017cbowy',NULL)
INSERT INTO PHONE VALUES(298,198,'994 016 241','kom\u00f3rka','true')
INSERT INTO PHONE VALUES(299,199,'438 268 537',NULL,NULL)
INSERT INTO PHONE VALUES(300,200,'481 924 461','s\u0142u\u017cbowy',NULL)
INSERT INTO PHONE VALUES(301,201,'860 284 950','kom\u00f3rka','true')
INSERT INTO PHONE VALUES(302,201,'502 490 024','kom\u00f3rka','true')
INSERT INTO PHONE VALUES(303,202,'654 711 351','kom\u00f3rka','true')
INSERT INTO PHONE VALUES(304,202,'921 212 562','prywatny','true')
INSERT INTO PHONE VALUES(305,202,'304 224 775',NULL,NULL)
INSERT INTO PHONE VALUES(306,203,'979 900 209','s\u0142u\u017cbowy',NULL)
INSERT INTO PHONE VALUES(307,203,'660 496 908',NULL,NULL)
INSERT INTO PHONE VALUES(308,203,'600 070 882','s\u0142u\u017cbowy',NULL)
INSERT INTO PHONE VALUES(309,204,'115 083 751','prywatny','true')
INSERT INTO PHONE VALUES(310,204,'745 186 558','kom\u00f3rka','true')
INSERT INTO PHONE VALUES(311,206,'484 894 842','kom\u00f3rka','true')
INSERT INTO PHONE VALUES(312,206,'883 372 552','kom\u00f3rka','true')
INSERT INTO PHONE VALUES(313,206,'050 976 166','s\u0142u\u017cbowy',NULL)
INSERT INTO PHONE VALUES(314,207,'488 130 211','kom\u00f3rka','true')
INSERT INTO PHONE VALUES(315,207,'609 874 138',NULL,NULL)
INSERT INTO PHONE VALUES(316,207,'572 801 696','kom\u00f3rka','true')
INSERT INTO PHONE VALUES(317,208,'718 334 305','kom\u00f3rka','true')
INSERT INTO PHONE VALUES(318,209,'350 013 800','kom\u00f3rka','true')
COMMIT
DISCONNECT
